<?xml version="1.0" encoding="UTF-8"?>
<!-- Generated by org.testng.reporters.JUnitXMLReporter -->
<testsuite hostname="DESKTOP-7ISFMHR" ignored="0" name="Open_MRS" tests="1" failures="0" timestamp="2023-04-21T09:42:37 IST" time="22.322" errors="0">
  <testcase name="@BeforeClass setup" time="22.098" classname="com.selenium.tests.BaseClass">
    <failure type="java.lang.NullPointerException">
      <![CDATA[java.lang.NullPointerException
at com.selenium.tests.BaseClass.setup(BaseClass.java:71)
at java.util.ArrayList.forEach(ArrayList.java:1259)
... Removed 25 stack frames]]>
    </failure>
  </testcase> <!-- @BeforeClass setup -->
  <testcase name="@AfterMethod checkstatus" time="-1.682050357815E9" classname="com.selenium.tests.BaseClass">
    <skipped/>
  </testcase> <!-- @AfterMethod checkstatus -->
  <testcase name="@AfterClass tearDown" time="-1.682050357822E9" classname="com.selenium.tests.BaseClass">
    <skipped/>
  </testcase> <!-- @AfterClass tearDown -->
  <testcase name="Login_app" time="0.0" classname="com.selenium.tests.TC_001_SystemTest">
    <skipped/>
  </testcase> <!-- Login_app -->
</testsuite> <!-- Open_MRS -->
